17/04/28 18:56:57.952 INFO Slf4jLogger: Slf4jLogger started
17/04/28 18:56:58.343 INFO SlaveActor: Starting Varys slave 10.0.0.31:50494
17/04/28 18:56:58.344 INFO SlaveActor: Varys home: /Users/zhanghan/Documents/文件资料/coflow/Yosemite
17/04/28 18:56:58.410 INFO DataServer: Created DataServer at 10.0.0.31:1607
17/04/28 18:56:58.469 INFO SlaveWebUI: Started Slave web UI at http://zhanghandeMacBook-Pro.local:16017
17/04/28 18:56:58.470 INFO DataServer: Data Server starting....
17/04/28 18:56:58.470 INFO SlaveActor: Connecting to master varys://172.17.0.10:1606
17/04/28 18:57:28.496 ERROR SlaveActor: Failed to connect to master
java.util.concurrent.TimeoutException: Futures timed out after [30000 milliseconds]
	at scala.concurrent.impl.Promise$DefaultPromise.ready(Promise.scala:219)
	at scala.concurrent.impl.Promise$DefaultPromise.result(Promise.scala:223)
	at scala.concurrent.Await$$anonfun$result$1.apply(package.scala:107)
	at akka.dispatch.MonitorableThreadFactory$AkkaForkJoinWorkerThread$$anon$3.block(ThreadPoolBuilder.scala:169)
	at scala.concurrent.forkjoin.ForkJoinPool.managedBlock(ForkJoinPool.java:3640)
	at akka.dispatch.MonitorableThreadFactory$AkkaForkJoinWorkerThread.blockOn(ThreadPoolBuilder.scala:167)
	at scala.concurrent.Await$.result(package.scala:107)
	at varys.util.AkkaUtils$.getActorRef(AkkaUtils.scala:202)
	at varys.framework.slave.SlaveActor.connectToMaster(Slave.scala:94)
	at varys.framework.slave.SlaveActor.preStart(Slave.scala:74)
	at akka.actor.ActorCell.create(ActorCell.scala:562)
	at akka.actor.ActorCell.invokeAll$1(ActorCell.scala:425)
	at akka.actor.ActorCell.systemInvoke(ActorCell.scala:447)
	at akka.dispatch.Mailbox.processAllSystemMessages(Mailbox.scala:262)
	at akka.dispatch.Mailbox.run(Mailbox.scala:218)
	at akka.dispatch.ForkJoinExecutorConfigurator$AkkaForkJoinTask.exec(AbstractDispatcher.scala:386)
	at scala.concurrent.forkjoin.ForkJoinTask.doExec(ForkJoinTask.java:260)
	at scala.concurrent.forkjoin.ForkJoinPool$WorkQueue.runTask(ForkJoinPool.java:1339)
	at scala.concurrent.forkjoin.ForkJoinPool.runWorker(ForkJoinPool.java:1979)
	at scala.concurrent.forkjoin.ForkJoinWorkerThread.run(ForkJoinWorkerThread.java:107)
